<?xml version="1.0" encoding="UTF-8"?>
<!-- Generated by org.testng.reporters.JUnitReportReporter -->
<testsuite skipped="0" hostname="DEL1-LHP-N01469" name="goal.MyLearn.Assignments.FirstTestClass" tests="2" failures="0" timestamp="22 Jun 2018 04:37:41 GMT" time="0.019" errors="0">
  <testcase name="testMethod" time="0.014" classname="goal.MyLearn.Assignments.FirstTestClass"/>
  <testcase name="testMethod" time="0.005" classname="goal.MyLearn.Assignments.FirstTestClass"/>
</testsuite> <!-- goal.MyLearn.Assignments.FirstTestClass -->
