<?xml version="1.0" encoding="UTF-8"?>
<!-- Generated by org.testng.reporters.JUnitReportReporter -->
<testsuite skipped="0" hostname="DEL1-LHP-N01469" name="com.javarticles.testng.TestClass2" tests="1" failures="0" timestamp="21 Jun 2018 11:46:59 GMT" time="0.001" errors="0">
  <testcase name="t" time="0.001" classname="com.javarticles.testng.TestClass2"/>
</testsuite> <!-- com.javarticles.testng.TestClass2 -->
