<?xml version="1.0" encoding="UTF-8"?>
<!-- Generated by org.testng.reporters.JUnitReportReporter -->
<testsuite skipped="0" hostname="DEL1-LHP-N01469" name="goal.MyLearn.Assignments.SimpleTest" tests="1" failures="0" timestamp="22 Jun 2018 04:37:41 GMT" time="0.002" errors="0">
  <testcase name="testMethod" time="0.002" classname="goal.MyLearn.Assignments.SimpleTest"/>
</testsuite> <!-- goal.MyLearn.Assignments.SimpleTest -->
