<?xml version="1.0" encoding="UTF-8"?>
<!-- Generated by org.testng.reporters.JUnitReportReporter -->
<testsuite skipped="1" hostname="DEL1-LHP-N01469" name="goal.MyLearn.Assignments.PlayStore" tests="6" failures="0" timestamp="05 Jul 2018 09:59:32 GMT" time="12.826" errors="2">
  <testcase name="closeAppiumDriver" time="0.021" classname="goal.MyLearn.Assignments.PlayStore">
    <error type="org.openqa.selenium.UnsupportedCommandException" message="Method has not yet been implemented
Build info: version: &#039;3.13.0&#039;, revision: &#039;2f0d292&#039;, time: &#039;2018-06-25T15:24:21.231Z&#039;
System info: host: &#039;DEL1-LHP-N01469&#039;, ip: &#039;172.16.44.20&#039;, os.name: &#039;Windows 10&#039;, os.arch: &#039;amd64&#039;, os.version: &#039;10.0&#039;, java.version: &#039;1.8.0_171&#039;
Driver info: io.appium.java_client.android.AndroidDriver
Capabilities {appActivity: com.google.android.finsky.a..., appPackage: com.android.vending, databaseEnabled: false, desired: {appActivity: com.google.android.finsky.a..., appPackage: com.android.vending, deviceName: My Phone, noReset: true, platformName: android, platformVersion: 7.0, udid: MCCDU17103007715}, deviceManufacturer: HUAWEI, deviceModel: BLN-L22, deviceName: MCCDU17103007715, deviceScreenSize: 1080x1920, deviceUDID: MCCDU17103007715, javascriptEnabled: true, locationContextEnabled: false, networkConnectionEnabled: true, noReset: true, platform: LINUX, platformName: Android, platformVersion: 7.0, takesScreenshot: true, udid: MCCDU17103007715, warnings: {}, webStorageEnabled: false}
Session ID: 62a87c07-ac03-4f86-b333-666014cdeb8e">
      <![CDATA[org.openqa.selenium.UnsupportedCommandException: Method has not yet been implemented
Build info: version: '3.13.0', revision: '2f0d292', time: '2018-06-25T15:24:21.231Z'
System info: host: 'DEL1-LHP-N01469', ip: '172.16.44.20', os.name: 'Windows 10', os.arch: 'amd64', os.version: '10.0', java.version: '1.8.0_171'
Driver info: io.appium.java_client.android.AndroidDriver
Capabilities {appActivity: com.google.android.finsky.a..., appPackage: com.android.vending, databaseEnabled: false, desired: {appActivity: com.google.android.finsky.a..., appPackage: com.android.vending, deviceName: My Phone, noReset: true, platformName: android, platformVersion: 7.0, udid: MCCDU17103007715}, deviceManufacturer: HUAWEI, deviceModel: BLN-L22, deviceName: MCCDU17103007715, deviceScreenSize: 1080x1920, deviceUDID: MCCDU17103007715, javascriptEnabled: true, locationContextEnabled: false, networkConnectionEnabled: true, noReset: true, platform: LINUX, platformName: Android, platformVersion: 7.0, takesScreenshot: true, udid: MCCDU17103007715, warnings: {}, webStorageEnabled: false}
Session ID: 62a87c07-ac03-4f86-b333-666014cdeb8e
at sun.reflect.NativeConstructorAccessorImpl.newInstance0(Native Method)
at sun.reflect.NativeConstructorAccessorImpl.newInstance(Unknown Source)
at sun.reflect.DelegatingConstructorAccessorImpl.newInstance(Unknown Source)
at java.lang.reflect.Constructor.newInstance(Unknown Source)
at org.openqa.selenium.remote.http.W3CHttpResponseCodec.createException(W3CHttpResponseCodec.java:187)
at org.openqa.selenium.remote.http.W3CHttpResponseCodec.decode(W3CHttpResponseCodec.java:122)
at org.openqa.selenium.remote.http.W3CHttpResponseCodec.decode(W3CHttpResponseCodec.java:49)
at org.openqa.selenium.remote.HttpCommandExecutor.execute(HttpCommandExecutor.java:158)
at io.appium.java_client.remote.AppiumCommandExecutor.execute(AppiumCommandExecutor.java:231)
at org.openqa.selenium.remote.RemoteWebDriver.execute(RemoteWebDriver.java:548)
at io.appium.java_client.DefaultGenericMobileDriver.execute(DefaultGenericMobileDriver.java:46)
at io.appium.java_client.AppiumDriver.execute(AppiumDriver.java:1)
at io.appium.java_client.android.AndroidDriver.execute(AndroidDriver.java:1)
at org.openqa.selenium.remote.RemoteWebDriver.close(RemoteWebDriver.java:438)
at goal.MyLearn.Assignments.PlayStore.closeAppiumDriver(PlayStore.java:118)
at sun.reflect.NativeMethodAccessorImpl.invoke0(Native Method)
at sun.reflect.NativeMethodAccessorImpl.invoke(Unknown Source)
at sun.reflect.DelegatingMethodAccessorImpl.invoke(Unknown Source)
at java.lang.reflect.Method.invoke(Unknown Source)
at org.testng.internal.MethodInvocationHelper.invokeMethod(MethodInvocationHelper.java:124)
at org.testng.internal.MethodInvocationHelper.invokeMethodConsideringTimeout(MethodInvocationHelper.java:59)
at org.testng.internal.Invoker.invokeConfigurationMethod(Invoker.java:455)
at org.testng.internal.Invoker.invokeConfigurations(Invoker.java:222)
at org.testng.internal.Invoker.invokeConfigurations(Invoker.java:142)
at org.testng.internal.TestMethodWorker.invokeAfterClassMethods(TestMethodWorker.java:214)
at org.testng.internal.TestMethodWorker.run(TestMethodWorker.java:111)
at org.testng.TestRunner.privateRun(TestRunner.java:648)
at org.testng.TestRunner.run(TestRunner.java:505)
at org.testng.SuiteRunner.runTest(SuiteRunner.java:455)
at org.testng.SuiteRunner.runSequentially(SuiteRunner.java:450)
at org.testng.SuiteRunner.privateRun(SuiteRunner.java:415)
at org.testng.SuiteRunner.run(SuiteRunner.java:364)
at org.testng.SuiteRunnerWorker.runSuite(SuiteRunnerWorker.java:52)
at org.testng.SuiteRunnerWorker.run(SuiteRunnerWorker.java:84)
at org.testng.TestNG.runSuitesSequentially(TestNG.java:1208)
at org.testng.TestNG.runSuitesLocally(TestNG.java:1137)
at org.testng.TestNG.runSuites(TestNG.java:1049)
at org.testng.TestNG.run(TestNG.java:1017)
at org.testng.remote.AbstractRemoteTestNG.run(AbstractRemoteTestNG.java:114)
at org.testng.remote.RemoteTestNG.initAndRun(RemoteTestNG.java:251)
at org.testng.remote.RemoteTestNG.main(RemoteTestNG.java:77)
]]>
    </error>
  </testcase> <!-- closeAppiumDriver -->
  <testcase name="verifySearch" time="10.889" classname="goal.MyLearn.Assignments.PlayStore"/>
  <testcase name="getMenuElements" time="0.033" classname="goal.MyLearn.Assignments.PlayStore">
    <error type="org.openqa.selenium.UnsupportedCommandException" message="Unknown mobile command &quot;keyevent&quot;. Only shell,startLogsBroadcast,stopLogsBroadcast commands are supported.
Build info: version: &#039;3.13.0&#039;, revision: &#039;2f0d292&#039;, time: &#039;2018-06-25T15:24:21.231Z&#039;
System info: host: &#039;DEL1-LHP-N01469&#039;, ip: &#039;172.16.44.20&#039;, os.name: &#039;Windows 10&#039;, os.arch: &#039;amd64&#039;, os.version: &#039;10.0&#039;, java.version: &#039;1.8.0_171&#039;
Driver info: io.appium.java_client.android.AndroidDriver
Capabilities {appActivity: com.google.android.finsky.a..., appPackage: com.android.vending, databaseEnabled: false, desired: {appActivity: com.google.android.finsky.a..., appPackage: com.android.vending, deviceName: My Phone, noReset: true, platformName: android, platformVersion: 7.0, udid: MCCDU17103007715}, deviceManufacturer: HUAWEI, deviceModel: BLN-L22, deviceName: MCCDU17103007715, deviceScreenSize: 1080x1920, deviceUDID: MCCDU17103007715, javascriptEnabled: true, locationContextEnabled: false, networkConnectionEnabled: true, noReset: true, platform: LINUX, platformName: Android, platformVersion: 7.0, takesScreenshot: true, udid: MCCDU17103007715, warnings: {}, webStorageEnabled: false}
Session ID: 62a87c07-ac03-4f86-b333-666014cdeb8e">
      <![CDATA[org.openqa.selenium.UnsupportedCommandException: Unknown mobile command "keyevent". Only shell,startLogsBroadcast,stopLogsBroadcast commands are supported.
Build info: version: '3.13.0', revision: '2f0d292', time: '2018-06-25T15:24:21.231Z'
System info: host: 'DEL1-LHP-N01469', ip: '172.16.44.20', os.name: 'Windows 10', os.arch: 'amd64', os.version: '10.0', java.version: '1.8.0_171'
Driver info: io.appium.java_client.android.AndroidDriver
Capabilities {appActivity: com.google.android.finsky.a..., appPackage: com.android.vending, databaseEnabled: false, desired: {appActivity: com.google.android.finsky.a..., appPackage: com.android.vending, deviceName: My Phone, noReset: true, platformName: android, platformVersion: 7.0, udid: MCCDU17103007715}, deviceManufacturer: HUAWEI, deviceModel: BLN-L22, deviceName: MCCDU17103007715, deviceScreenSize: 1080x1920, deviceUDID: MCCDU17103007715, javascriptEnabled: true, locationContextEnabled: false, networkConnectionEnabled: true, noReset: true, platform: LINUX, platformName: Android, platformVersion: 7.0, takesScreenshot: true, udid: MCCDU17103007715, warnings: {}, webStorageEnabled: false}
Session ID: 62a87c07-ac03-4f86-b333-666014cdeb8e
at sun.reflect.NativeConstructorAccessorImpl.newInstance0(Native Method)
at sun.reflect.NativeConstructorAccessorImpl.newInstance(Unknown Source)
at sun.reflect.DelegatingConstructorAccessorImpl.newInstance(Unknown Source)
at java.lang.reflect.Constructor.newInstance(Unknown Source)
at org.openqa.selenium.remote.http.W3CHttpResponseCodec.createException(W3CHttpResponseCodec.java:187)
at org.openqa.selenium.remote.http.W3CHttpResponseCodec.decode(W3CHttpResponseCodec.java:122)
at org.openqa.selenium.remote.http.W3CHttpResponseCodec.decode(W3CHttpResponseCodec.java:49)
at org.openqa.selenium.remote.HttpCommandExecutor.execute(HttpCommandExecutor.java:158)
at io.appium.java_client.remote.AppiumCommandExecutor.execute(AppiumCommandExecutor.java:231)
at org.openqa.selenium.remote.RemoteWebDriver.execute(RemoteWebDriver.java:548)
at io.appium.java_client.DefaultGenericMobileDriver.execute(DefaultGenericMobileDriver.java:42)
at io.appium.java_client.AppiumDriver.execute(AppiumDriver.java:1)
at io.appium.java_client.android.AndroidDriver.execute(AndroidDriver.java:1)
at org.openqa.selenium.remote.RemoteWebDriver.executeScript(RemoteWebDriver.java:485)
at goal.MyLearn.Assignments.PlayStore.getMenuElements(PlayStore.java:100)
at sun.reflect.NativeMethodAccessorImpl.invoke0(Native Method)
at sun.reflect.NativeMethodAccessorImpl.invoke(Unknown Source)
at sun.reflect.DelegatingMethodAccessorImpl.invoke(Unknown Source)
at java.lang.reflect.Method.invoke(Unknown Source)
at org.testng.internal.MethodInvocationHelper.invokeMethod(MethodInvocationHelper.java:124)
at org.testng.internal.Invoker.invokeMethod(Invoker.java:580)
at org.testng.internal.Invoker.invokeTestMethod(Invoker.java:716)
at org.testng.internal.Invoker.invokeTestMethods(Invoker.java:988)
at org.testng.internal.TestMethodWorker.invokeTestMethods(TestMethodWorker.java:125)
at org.testng.internal.TestMethodWorker.run(TestMethodWorker.java:109)
at org.testng.TestRunner.privateRun(TestRunner.java:648)
at org.testng.TestRunner.run(TestRunner.java:505)
at org.testng.SuiteRunner.runTest(SuiteRunner.java:455)
at org.testng.SuiteRunner.runSequentially(SuiteRunner.java:450)
at org.testng.SuiteRunner.privateRun(SuiteRunner.java:415)
at org.testng.SuiteRunner.run(SuiteRunner.java:364)
at org.testng.SuiteRunnerWorker.runSuite(SuiteRunnerWorker.java:52)
at org.testng.SuiteRunnerWorker.run(SuiteRunnerWorker.java:84)
at org.testng.TestNG.runSuitesSequentially(TestNG.java:1208)
at org.testng.TestNG.runSuitesLocally(TestNG.java:1137)
at org.testng.TestNG.runSuites(TestNG.java:1049)
at org.testng.TestNG.run(TestNG.java:1017)
at org.testng.remote.AbstractRemoteTestNG.run(AbstractRemoteTestNG.java:114)
at org.testng.remote.RemoteTestNG.initAndRun(RemoteTestNG.java:251)
at org.testng.remote.RemoteTestNG.main(RemoteTestNG.java:77)
]]>
    </error>
  </testcase> <!-- getMenuElements -->
  <testcase name="countTextStartsWithT" time="1.593" classname="goal.MyLearn.Assignments.PlayStore"/>
  <testcase name="countTextContainsTO" time="0.290" classname="goal.MyLearn.Assignments.PlayStore"/>
  <testcase name="verifyTextMatches" classname="goal.MyLearn.Assignments.PlayStore">
    <skipped/>
  </testcase> <!-- verifyTextMatches -->
</testsuite> <!-- goal.MyLearn.Assignments.PlayStore -->
