<?xml version="1.0" encoding="UTF-8"?>
<!-- Generated by org.testng.reporters.JUnitReportReporter -->
<testsuite skipped="0" hostname="DEL1-LHP-N01469" name="goal.MyLearn.Assignments.Test1" tests="1" failures="0" timestamp="19 Jun 2018 04:12:04 GMT" time="45.383" errors="0">
  <testcase name="verifySearch" time="45.383" classname="goal.MyLearn.Assignments.Test1"/>
</testsuite> <!-- goal.MyLearn.Assignments.Test1 -->
