<?xml version="1.0" encoding="UTF-8"?>
<!-- Generated by org.testng.reporters.JUnitReportReporter -->
<testsuite skipped="0" hostname="DEL1-LHP-N01469" name="goal.MyLearn.Assignments.SecondTestClass" tests="1" failures="0" timestamp="21 Jun 2018 04:31:50 GMT" time="0.003" errors="0">
  <testcase name="testMethod" time="0.003" classname="goal.MyLearn.Assignments.SecondTestClass"/>
</testsuite> <!-- goal.MyLearn.Assignments.SecondTestClass -->
