<?xml version="1.0" encoding="UTF-8"?>
<!-- Generated by org.testng.reporters.JUnitReportReporter -->
<testsuite skipped="0" hostname="DEL1-LHP-N01469" name="com.javarticles.testng.MultipleFactoryTest" tests="1" failures="0" timestamp="21 Jun 2018 06:06:04 GMT" time="0.011" errors="0">
  <testcase name="t" time="0.011" classname="com.javarticles.testng.MultipleFactoryTest"/>
</testsuite> <!-- com.javarticles.testng.MultipleFactoryTest -->
